TowerCBC towerKLCcbc integrated via ping by Server 'towerCBC@MacBook-Air-von-Kristoffer'
cbCast registered at towerKLCcbc with PID: <0.116.0> on Node 'botA@MacBook-Air-von-Kristoffer'
TowerClock vtKLCclockC integrated via ping by Server 'towerClock@MacBook-Air-von-Kristoffer'
VecID received: 1
VT {1,[0]} ticked to {1,[1]}
Message "beige" with VT {1,[1]} sent from {commbot,'botA@MacBook-Air-von-Kristoffer'}
Message: "beige" with Timestamp: {1,[1]} pushed to DLQ.
Queues>>> Queues checked with VT {1,[1]} (HBQ empty).
DLQ>>> Current Size 1.
Queues checked.
VT {1,[1]} ticked to {1,[2]}
Message "lila" with VT {1,[2]} sent from {commbot,'botA@MacBook-Air-von-Kristoffer'}
Message: "lila" with Timestamp: {1,[2]} pushed to DLQ.
Queues>>> Queues checked with VT {1,[2]} (HBQ empty).
DLQ>>> Current Size 2.
Queues checked.
Message: "lila" with Timestamp: {1,[2]} discarded.
Message: {"beige",{1,[1]}} popped from DLQ.
Message: "beige" with Timestamp: {1,[1]} read.
Comm VT {1,[2]} synchronized with {1,[1]} is now {1,[2]}.
Queues>>> Queues checked with VT {1,[2]} (HBQ empty).
DLQ>>> Current Size 1.
Queues checked.
Message: "beige" with Timestamp: {1,[1]} discarded.
Message: {"lila",{1,[2]}} popped from DLQ.
Message: "lila" with Timestamp: {1,[2]} read.
Comm VT {1,[2]} synchronized with {1,[2]} is now {1,[2]}.
Queues>>> Queues checked with VT {1,[2]} (HBQ empty).
DLQ>>> Current Size 0.
Queues checked.
Message: "gruen" with Timestamp: {3,[0,0,1]} received.
Message: "gruen" with Timestamp: {3,[0,0,1]} pushed to HBQ.
VT is after VTR with Distance -1.
Queues>>> removed {"gruen",{3,[0,0,1]}} from HBQ and added to DLQ (aftereqVTJ, -1).
Queues>>> Queues checked with VT {1,[2]} (HBQ empty).
DLQ>>> Current Size 1.
Queues checked.
Message: {"gruen",{3,[0,0,1]}} popped from DLQ.
Message: "gruen" with Timestamp: {3,[0,0,1]} read.
Comm VT {1,[2]} synchronized with {3,[0,0,1]} is now {1,[2,0,1]}.
Queues>>> Queues checked with VT {1,[2,0,1]} (HBQ empty).
DLQ>>> Current Size 0.
Queues checked.
VT {1,[2,0,1]} ticked to {1,[3,0,1]}
Message "beigeK1" with VT {1,[3,0,1]} sent from {commbot,'botA@MacBook-Air-von-Kristoffer'}
Message: "beigeK1" with Timestamp: {1,[3,0,1]} pushed to DLQ.
Queues>>> Queues checked with VT {1,[3,0,1]} (HBQ empty).
DLQ>>> Current Size 1.
Queues checked.
Message: "beigeK1" with Timestamp: {1,[3,0,1]} discarded.
Message: {"beigeK1",{1,[3,0,1]}} popped from DLQ.
Message: "beigeK1" with Timestamp: {1,[3,0,1]} read.
Comm VT {1,[3,0,1]} synchronized with {1,[3,0,1]} is now {1,[3,0,1]}.
Queues>>> Queues checked with VT {1,[3,0,1]} (HBQ empty).
DLQ>>> Current Size 0.
Queues checked.
VT {1,[3,0,1]} ticked to {1,[4,0,1]}
Message "lilaK1" with VT {1,[4,0,1]} sent from {commbot,'botA@MacBook-Air-von-Kristoffer'}
Message: "lilaK1" with Timestamp: {1,[4,0,1]} pushed to DLQ.
Queues>>> Queues checked with VT {1,[4,0,1]} (HBQ empty).
DLQ>>> Current Size 1.
Queues checked.
Message: "lilaK1" with Timestamp: {1,[4,0,1]} discarded.
Message: "gruenK1" with Timestamp: {3,[3,0,2]} received.
Message: "gruenK1" with Timestamp: {3,[3,0,2]} pushed to HBQ.
VT is after VTR with Distance -1.
Queues>>> removed {"gruenK1",{3,[3,0,2]}} from HBQ and added to DLQ (aftereqVTJ, -1).
Queues>>> Queues checked with VT {1,[4,0,1]} (HBQ empty).
DLQ>>> Current Size 2.
Queues checked.
Message: {"lilaK1",{1,[4,0,1]}} popped from DLQ.
Message: "lilaK1" with Timestamp: {1,[4,0,1]} read.
Comm VT {1,[4,0,1]} synchronized with {1,[4,0,1]} is now {1,[4,0,1]}.
Queues>>> Queues checked with VT {1,[4,0,1]} (HBQ empty).
DLQ>>> Current Size 1.
Queues checked.
Message: {"gruenK1",{3,[3,0,2]}} popped from DLQ.
Message: "gruenK1" with Timestamp: {3,[3,0,2]} read.
Comm VT {1,[4,0,1]} synchronized with {3,[3,0,2]} is now {1,[4,0,2]}.
Queues>>> Queues checked with VT {1,[4,0,2]} (HBQ empty).
DLQ>>> Current Size 0.
Queues checked.
Message: null popped from DLQ.
Message: 'null' read.
VT {1,[4,0,2]} ticked to {1,[5,0,2]}
Message "beigeK2" with VT {1,[5,0,2]} sent from {commbot,'botA@MacBook-Air-von-Kristoffer'}
Message: "beigeK2" with Timestamp: {1,[5,0,2]} pushed to DLQ.
Queues>>> Queues checked with VT {1,[5,0,2]} (HBQ empty).
DLQ>>> Current Size 1.
Queues checked.
Message: "beigeK2" with Timestamp: {1,[5,0,2]} discarded.
Message: {"beigeK2",{1,[5,0,2]}} popped from DLQ.
Message: "beigeK2" with Timestamp: {1,[5,0,2]} read.
Comm VT {1,[5,0,2]} synchronized with {1,[5,0,2]} is now {1,[5,0,2]}.
Queues>>> Queues checked with VT {1,[5,0,2]} (HBQ empty).
DLQ>>> Current Size 0.
Queues checked.
Message: "gruenK2" with Timestamp: {3,[5,0,3]} received.
Message: "gruenK2" with Timestamp: {3,[5,0,3]} pushed to HBQ.
VT is equal VTR with Distance -1.
Queues>>> removed {"gruenK2",{3,[5,0,3]}} from HBQ and added to DLQ (aftereqVTJ, -1).
Queues>>> Queues checked with VT {1,[5,0,2]} (HBQ empty).
DLQ>>> Current Size 1.
Queues checked.
Message: {"gruenK2",{3,[5,0,3]}} popped from DLQ.
Message: "gruenK2" with Timestamp: {3,[5,0,3]} read.
Comm VT {1,[5,0,2]} synchronized with {3,[5,0,3]} is now {1,[5,0,3]}.
Queues>>> Queues checked with VT {1,[5,0,3]} (HBQ empty).
DLQ>>> Current Size 0.
Queues checked.
VT {1,[5,0,3]} ticked to {1,[6,0,3]}
Message "lilaK2" with VT {1,[6,0,3]} sent from {commbot,'botA@MacBook-Air-von-Kristoffer'}
Message: "lilaK2" with Timestamp: {1,[6,0,3]} pushed to DLQ.
Queues>>> Queues checked with VT {1,[6,0,3]} (HBQ empty).
DLQ>>> Current Size 1.
Queues checked.
Message: "lilaK2" with Timestamp: {1,[6,0,3]} discarded.
Message: {"lilaK2",{1,[6,0,3]}} popped from DLQ.
Message: "lilaK2" with Timestamp: {1,[6,0,3]} read.
Comm VT {1,[6,0,3]} synchronized with {1,[6,0,3]} is now {1,[6,0,3]}.
Queues>>> Queues checked with VT {1,[6,0,3]} (HBQ empty).
DLQ>>> Current Size 0.
Queues checked.
Message: null popped from DLQ.
Message: 'null' read.
