towerCBC 'towerCBC@Qigong-KLC' von Server towerKLCcbc per ping eingebunden
cbCast-botA@Qigong-KLC-KLC Startzeit: 17.01 08:56:18,840| mit PID <0.114.0>
Beim TowerCBC registriert:ok_registered
DLQ>>> Nachricht "beige" von Prozess 1 mit Zeitstempel [1] in DLQ eingefügt.
DLQ>>> Nachricht "lila" von Prozess 1 mit Zeitstempel [2] in DLQ eingefügt.
HBQ>>> Prüfung auf auslieferbare Nachrichten ({1,[2]}).
HBQ>>> Prüfung auf auslieferbare Nachrichten beendet.
DLQ>>> Anfrage nach nicht leer erhalten: true
HBQ>>> Prüfung auf auslieferbare Nachrichten ({1,[2]}).
HBQ>>> Prüfung auf auslieferbare Nachrichten beendet.
DLQ>>> Anfrage nach nicht leer erhalten: true
HBQ>>> Prüfung auf auslieferbare Nachrichten ({1,[2]}).
HBQ>>> Prüfung auf auslieferbare Nachrichten beendet.
DLQ>>> Nachricht "beige" von Prozess 1 mit Zeitstempel [1] aus DLQ gelöscht (blockierend).
DLQ>>> Anfrage nach nicht leer erhalten: true
HBQ>>> Prüfung auf auslieferbare Nachrichten ({1,[2]}).
HBQ>>> Prüfung auf auslieferbare Nachrichten beendet.
DLQ>>> Anfrage nach nicht leer erhalten: true
HBQ>>> Prüfung auf auslieferbare Nachrichten ({1,[2]}).
HBQ>>> Prüfung auf auslieferbare Nachrichten beendet.
DLQ>>> Anfrage nach nicht leer erhalten: true
HBQ>>> Prüfung auf auslieferbare Nachrichten ({1,[2]}).
HBQ>>> Prüfung auf auslieferbare Nachrichten beendet.
DLQ>>> Nachricht "lila" von Prozess 1 mit Zeitstempel [2] aus DLQ gelöscht (blockierend).
DLQ>>> Anfrage nach nicht leer erhalten: false
HBQ>>> Nachricht "gruen" von Prozess 3 mit Zeitstempel [0,0,1] in HBQ eingefügt.
HBQ>>> Prüfung auf auslieferbare Nachrichten ({1,[2]}).
DLQ>>> Nachricht "gruen" von Prozess 3 mit Zeitstempel [0,0,1] in DLQ eingefügt.
HBQ>>> Vergleich {1,[2]} mit {3,[0,0,1]}.
HBQ>>> Ergebnis aftereqVTJ mit Distanz -1. Nachricht wird in DLQ verschoben
HBQ>>> Prüfung auf auslieferbare Nachrichten beendet.
DLQ>>> Anfrage nach nicht leer erhalten: true
HBQ>>> Prüfung auf auslieferbare Nachrichten ({1,[2]}).
HBQ>>> Prüfung auf auslieferbare Nachrichten beendet.
DLQ>>> Anfrage nach nicht leer erhalten: true
HBQ>>> Prüfung auf auslieferbare Nachrichten ({1,[2]}).
HBQ>>> Prüfung auf auslieferbare Nachrichten beendet.
DLQ>>> Nachricht "gruen" von Prozess 3 mit Zeitstempel [0,0,1] aus DLQ gelöscht (blockierend).
DLQ>>> Anfrage nach nicht leer erhalten: false
DLQ>>> Nachricht "beigeK1" von Prozess 1 mit Zeitstempel [3,0,1] in DLQ eingefügt.
HBQ>>> Prüfung auf auslieferbare Nachrichten ({1,[3,0,1]}).
HBQ>>> Prüfung auf auslieferbare Nachrichten beendet.
DLQ>>> Anfrage nach nicht leer erhalten: true
HBQ>>> Prüfung auf auslieferbare Nachrichten ({1,[3,0,1]}).
HBQ>>> Prüfung auf auslieferbare Nachrichten beendet.
DLQ>>> Anfrage nach nicht leer erhalten: true
HBQ>>> Prüfung auf auslieferbare Nachrichten ({1,[3,0,1]}).
HBQ>>> Prüfung auf auslieferbare Nachrichten beendet.
DLQ>>> Nachricht "beigeK1" von Prozess 1 mit Zeitstempel [3,0,1] aus DLQ gelöscht (blockierend).
DLQ>>> Anfrage nach nicht leer erhalten: false
DLQ>>> Nachricht "lilaK1" von Prozess 1 mit Zeitstempel [4,0,1] in DLQ eingefügt.
HBQ>>> Prüfung auf auslieferbare Nachrichten ({1,[4,0,1]}).
HBQ>>> Prüfung auf auslieferbare Nachrichten beendet.
DLQ>>> Anfrage nach nicht leer erhalten: true
HBQ>>> Nachricht "gruenK1" von Prozess 3 mit Zeitstempel [3,0,2] in HBQ eingefügt.
HBQ>>> Prüfung auf auslieferbare Nachrichten ({1,[4,0,1]}).
DLQ>>> Nachricht "gruenK1" von Prozess 3 mit Zeitstempel [3,0,2] in DLQ eingefügt.
HBQ>>> Vergleich {1,[4,0,1]} mit {3,[3,0,2]}.
HBQ>>> Ergebnis aftereqVTJ mit Distanz -1. Nachricht wird in DLQ verschoben
HBQ>>> Prüfung auf auslieferbare Nachrichten beendet.
DLQ>>> Anfrage nach nicht leer erhalten: true
HBQ>>> Prüfung auf auslieferbare Nachrichten ({1,[4,0,1]}).
HBQ>>> Prüfung auf auslieferbare Nachrichten beendet.
DLQ>>> Anfrage nach nicht leer erhalten: true
HBQ>>> Prüfung auf auslieferbare Nachrichten ({1,[4,0,1]}).
HBQ>>> Prüfung auf auslieferbare Nachrichten beendet.
DLQ>>> Nachricht "lilaK1" von Prozess 1 mit Zeitstempel [4,0,1] aus DLQ gelöscht (blockierend).
DLQ>>> Anfrage nach nicht leer erhalten: true
HBQ>>> Prüfung auf auslieferbare Nachrichten ({1,[4,0,1]}).
HBQ>>> Prüfung auf auslieferbare Nachrichten beendet.
DLQ>>> Anfrage nach nicht leer erhalten: true
HBQ>>> Prüfung auf auslieferbare Nachrichten ({1,[4,0,1]}).
HBQ>>> Prüfung auf auslieferbare Nachrichten beendet.
DLQ>>> Nachricht "gruenK1" von Prozess 3 mit Zeitstempel [3,0,2] aus DLQ gelöscht (blockierend).
DLQ>>> Anfrage nach nicht leer erhalten: false
HBQ>>> Prüfung auf auslieferbare Nachrichten ({1,[4,0,2]}).
HBQ>>> Prüfung auf auslieferbare Nachrichten beendet.
DLQ>>> null Nachricht aus DLQ gelesen (nicht blockierend).
DLQ>>> Anfrage nach nicht leer erhalten: false
DLQ>>> Nachricht "beigeK2" von Prozess 1 mit Zeitstempel [5,0,2] in DLQ eingefügt.
HBQ>>> Prüfung auf auslieferbare Nachrichten ({1,[5,0,2]}).
HBQ>>> Prüfung auf auslieferbare Nachrichten beendet.
DLQ>>> Anfrage nach nicht leer erhalten: true
HBQ>>> Prüfung auf auslieferbare Nachrichten ({1,[5,0,2]}).
HBQ>>> Prüfung auf auslieferbare Nachrichten beendet.
DLQ>>> Anfrage nach nicht leer erhalten: true
HBQ>>> Prüfung auf auslieferbare Nachrichten ({1,[5,0,2]}).
HBQ>>> Prüfung auf auslieferbare Nachrichten beendet.
DLQ>>> Nachricht "beigeK2" von Prozess 1 mit Zeitstempel [5,0,2] aus DLQ gelöscht (blockierend).
DLQ>>> Anfrage nach nicht leer erhalten: false
HBQ>>> Nachricht "gruenK2" von Prozess 3 mit Zeitstempel [5,0,3] in HBQ eingefügt.
HBQ>>> Prüfung auf auslieferbare Nachrichten ({1,[5,0,2]}).
DLQ>>> Nachricht "gruenK2" von Prozess 3 mit Zeitstempel [5,0,3] in DLQ eingefügt.
HBQ>>> Vergleich {1,[5,0,2]} mit {3,[5,0,3]}.
HBQ>>> Ergebnis aftereqVTJ mit Distanz -1. Nachricht wird in DLQ verschoben
HBQ>>> Prüfung auf auslieferbare Nachrichten beendet.
DLQ>>> Anfrage nach nicht leer erhalten: true
HBQ>>> Prüfung auf auslieferbare Nachrichten ({1,[5,0,2]}).
HBQ>>> Prüfung auf auslieferbare Nachrichten beendet.
DLQ>>> Anfrage nach nicht leer erhalten: true
HBQ>>> Prüfung auf auslieferbare Nachrichten ({1,[5,0,2]}).
HBQ>>> Prüfung auf auslieferbare Nachrichten beendet.
DLQ>>> Nachricht "gruenK2" von Prozess 3 mit Zeitstempel [5,0,3] aus DLQ gelöscht (blockierend).
DLQ>>> Anfrage nach nicht leer erhalten: false
DLQ>>> Nachricht "lilaK2" von Prozess 1 mit Zeitstempel [6,0,3] in DLQ eingefügt.
HBQ>>> Prüfung auf auslieferbare Nachrichten ({1,[6,0,3]}).
HBQ>>> Prüfung auf auslieferbare Nachrichten beendet.
DLQ>>> Anfrage nach nicht leer erhalten: true
HBQ>>> Prüfung auf auslieferbare Nachrichten ({1,[6,0,3]}).
HBQ>>> Prüfung auf auslieferbare Nachrichten beendet.
DLQ>>> Anfrage nach nicht leer erhalten: true
HBQ>>> Prüfung auf auslieferbare Nachrichten ({1,[6,0,3]}).
HBQ>>> Prüfung auf auslieferbare Nachrichten beendet.
DLQ>>> Nachricht "lilaK2" von Prozess 1 mit Zeitstempel [6,0,3] aus DLQ gelöscht (blockierend).
DLQ>>> Anfrage nach nicht leer erhalten: false
HBQ>>> Prüfung auf auslieferbare Nachrichten ({1,[6,0,3]}).
HBQ>>> Prüfung auf auslieferbare Nachrichten beendet.
DLQ>>> null Nachricht aus DLQ gelesen (nicht blockierend).
DLQ>>> Anfrage nach nicht leer erhalten: false
