towerCBC Startzeit: 17.01 08:56:17,909| Typ: manu mit PID <0.106.0> registriert mit Namen towerKLCcbc.
register um 17.01 08:56:18,861| von <9576.109.0> (<9576.109.0>): Neu registriert.
register um 17.01 08:56:19,746| von <9577.109.0> (<9577.109.0>): Neu registriert.
register um 17.01 08:56:20,647| von <9578.109.0> (<9578.109.0>): Neu registriert.
multicast manuell Nachricht 1|{"beige",<9576.120.0>} von <9576.114.0>erhalten.
multicast manuell Nachricht 2|{"gruen",<9578.120.0>} von <9578.114.0>erhalten.
multicast manuell Nachricht 3|{"lila",<9576.122.0>} von <9576.114.0>erhalten.
multicast manuell an 1 - <9576.114.0> mit Nachricht Nummer 3
multicast manuell an 2 - <9577.114.0> mit Nachricht Nummer 2
multicast manuell an 3 - <9578.114.0> mit Nachricht Nummer 1
multicast manuell an 3 - <9578.114.0> mit Nachricht Nummer 2
multicast manuell an 3 - <9578.114.0> mit Nachricht Nummer 3
multicast manuell an 1 - <9576.114.0> mit Nachricht Nummer 1
multicast manuell an 2 - <9577.114.0> mit Nachricht Nummer 3
multicast manuell an 1 - <9576.114.0> mit Nachricht Nummer 2
multicast manuell an 2 - <9577.114.0> mit Nachricht Nummer 1
multicast manuell Nachricht 4|{"beigeK1",<9576.160.0>} von <9576.114.0>erhalten.
multicast manuell an 1 - <9576.114.0> mit Nachricht Nummer 4
multicast manuell an 3 - <9578.114.0> mit Nachricht Nummer 4
multicast manuell Nachricht 5|{"gruenK1",<9578.173.0>} von <9578.114.0>erhalten.
multicast manuell Nachricht 6|{"lilaK1",<9576.168.0>} von <9576.114.0>erhalten.
multicast manuell an 1 - <9576.114.0> mit Nachricht Nummer 6
multicast manuell an 2 - <9577.114.0> mit Nachricht Nummer 6
multicast manuell an 3 - <9578.114.0> mit Nachricht Nummer 6
multicast manuell an 1 - <9576.114.0> mit Nachricht Nummer 5
multicast manuell an 2 - <9577.114.0> mit Nachricht Nummer 5
multicast manuell an 2 - <9577.114.0> mit Nachricht Nummer 4
multicast manuell an 3 - <9578.114.0> mit Nachricht Nummer 5
multicast manuell Nachricht 7|{"beigeK2",<9576.191.0>} von <9576.114.0>erhalten.
multicast manuell an 1 - <9576.114.0> mit Nachricht Nummer 7
multicast manuell an 3 - <9578.114.0> mit Nachricht Nummer 7
multicast manuell Nachricht 8|{"gruenK2",<9578.218.0>} von <9578.114.0>erhalten.
multicast manuell an 1 - <9576.114.0> mit Nachricht Nummer 8
multicast manuell Nachricht 9|{"lilaK2",<9576.225.0>} von <9576.114.0>erhalten.
multicast manuell an 1 - <9576.114.0> mit Nachricht Nummer 9
multicast manuell an 2 - <9577.114.0> mit Nachricht Nummer 9
multicast manuell an 2 - <9577.114.0> mit Nachricht Nummer 8
multicast manuell an 2 - <9577.114.0> mit Nachricht Nummer 7
multicast manuell an 3 - <9578.114.0> mit Nachricht Nummer 9
multicast manuell an 3 - <9578.114.0> mit Nachricht Nummer 8
multicast manuell Nachricht 10|{"krimsKrams",<9578.246.0>} von <9578.114.0>erhalten.
multicast manuell an 2 - <9577.114.0> mit Nachricht Nummer 10
kill um 17.01 08:57:44,946| von <0.87.0>.
