TowerCBC towerKLCcbc integrated via ping by Server 'towerCBC@MacBook-Air-von-Kristoffer'
cbCast registered at towerKLCcbc with PID: <0.116.0> on Node 'botB@MacBook-Air-von-Kristoffer'
TowerClock vtKLCclockC integrated via ping by Server 'towerClock@MacBook-Air-von-Kristoffer'
VecID received: 2
Message: "gruen" with Timestamp: {3,[0,0,1]} received.
Message: "gruen" with Timestamp: {3,[0,0,1]} pushed to HBQ.
VT is equal VTR with Distance -1.
Queues>>> removed {"gruen",{3,[0,0,1]}} from HBQ and added to DLQ (aftereqVTJ, -1).
Queues>>> Queues checked with VT {2,[0,0]} (HBQ empty).
DLQ>>> Current Size 1.
Queues checked.
Message: {"gruen",{3,[0,0,1]}} popped from DLQ.
Message: "gruen" with Timestamp: {3,[0,0,1]} read.
Comm VT {2,[0,0]} synchronized with {3,[0,0,1]} is now {2,[0,0,1]}.
Queues>>> Queues checked with VT {2,[0,0,1]} (HBQ empty).
DLQ>>> Current Size 0.
Queues checked.
Message: "lila" with Timestamp: {1,[2]} received.
Message: "lila" with Timestamp: {1,[2]} pushed to HBQ.
VT is after VTR with Distance -2.
Queues>>> Queues checked with VT {2,[0,0,1]}.
HBQ>>> Current Size 1.
DLQ>>> Current Size 0.
Queues checked.
Message: null popped from DLQ.
Message: 'null' read.
Message: "beige" with Timestamp: {1,[1]} received.
Message: "beige" with Timestamp: {1,[1]} pushed to HBQ.
VT is after VTR with Distance -1.
Queues>>> removed {"beige",{1,[1]}} from HBQ and added to DLQ (aftereqVTJ, -1).
VT is after VTR with Distance -2.
Queues>>> Queues checked with VT {2,[0,0,1]}.
HBQ>>> Current Size 1.
DLQ>>> Current Size 1.
Queues checked.
Message: {"beige",{1,[1]}} popped from DLQ.
Message: "beige" with Timestamp: {1,[1]} read.
Comm VT {2,[0,0,1]} synchronized with {1,[1]} is now {2,[1,0,1]}.
VT is after VTR with Distance -1.
Queues>>> removed {"lila",{1,[2]}} from HBQ and added to DLQ (aftereqVTJ, -1).
Queues>>> Queues checked with VT {2,[1,0,1]} (HBQ empty).
DLQ>>> Current Size 1.
Queues checked.
Message: {"lila",{1,[2]}} popped from DLQ.
Message: "lila" with Timestamp: {1,[2]} read.
Comm VT {2,[1,0,1]} synchronized with {1,[2]} is now {2,[2,0,1]}.
Queues>>> Queues checked with VT {2,[2,0,1]} (HBQ empty).
DLQ>>> Current Size 0.
Queues checked.
Message: null popped from DLQ.
Message: 'null' read.
Message: "lilaK1" with Timestamp: {1,[4,0,1]} received.
Message: "lilaK1" with Timestamp: {1,[4,0,1]} pushed to HBQ.
VT is equal VTR with Distance -2.
Queues>>> Queues checked with VT {2,[2,0,1]}.
HBQ>>> Current Size 1.
DLQ>>> Current Size 0.
Queues checked.
Message: "gruenK1" with Timestamp: {3,[3,0,2]} received.
Message: "gruenK1" with Timestamp: {3,[3,0,2]} pushed to HBQ.
aftereqVTJ false.
VT is equal VTR with Distance -2.
Queues>>> Queues checked with VT {2,[2,0,1]}.
HBQ>>> Current Size 2.
DLQ>>> Current Size 0.
Queues checked.
Message: "beigeK1" with Timestamp: {1,[3,0,1]} received.
Message: "beigeK1" with Timestamp: {1,[3,0,1]} pushed to HBQ.
VT is equal VTR with Distance -1.
Queues>>> removed {"beigeK1",{1,[3,0,1]}} from HBQ and added to DLQ (aftereqVTJ, -1).
aftereqVTJ false.
VT is equal VTR with Distance -2.
Queues>>> Queues checked with VT {2,[2,0,1]}.
HBQ>>> Current Size 2.
DLQ>>> Current Size 1.
Queues checked.
Message: {"beigeK1",{1,[3,0,1]}} popped from DLQ.
Message: "beigeK1" with Timestamp: {1,[3,0,1]} read.
Comm VT {2,[2,0,1]} synchronized with {1,[3,0,1]} is now {2,[3,0,1]}.
VT is equal VTR with Distance -1.
Queues>>> removed {"gruenK1",{3,[3,0,2]}} from HBQ and added to DLQ (aftereqVTJ, -1).
VT is equal VTR with Distance -1.
Queues>>> removed {"lilaK1",{1,[4,0,1]}} from HBQ and added to DLQ (aftereqVTJ, -1).
Queues>>> Queues checked with VT {2,[3,0,1]} (HBQ empty).
DLQ>>> Current Size 2.
Queues checked.
Message: {"gruenK1",{3,[3,0,2]}} popped from DLQ.
Message: "gruenK1" with Timestamp: {3,[3,0,2]} read.
Comm VT {2,[3,0,1]} synchronized with {3,[3,0,2]} is now {2,[3,0,2]}.
Queues>>> Queues checked with VT {2,[3,0,2]} (HBQ empty).
DLQ>>> Current Size 1.
Queues checked.
Message: {"lilaK1",{1,[4,0,1]}} popped from DLQ.
Message: "lilaK1" with Timestamp: {1,[4,0,1]} read.
Comm VT {2,[3,0,2]} synchronized with {1,[4,0,1]} is now {2,[4,0,2]}.
Queues>>> Queues checked with VT {2,[4,0,2]} (HBQ empty).
DLQ>>> Current Size 0.
Queues checked.
Message: null popped from DLQ.
Message: 'null' read.
Message: null popped from DLQ.
Message: 'null' read.
Message: null popped from DLQ.
Message: 'null' read.
Message: "lilaK2" with Timestamp: {1,[6,0,3]} received.
Message: "lilaK2" with Timestamp: {1,[6,0,3]} pushed to HBQ.
aftereqVTJ false.
Queues>>> Queues checked with VT {2,[4,0,2]}.
HBQ>>> Current Size 1.
DLQ>>> Current Size 0.
Queues checked.
Message: "gruenK2" with Timestamp: {3,[5,0,3]} received.
Message: "gruenK2" with Timestamp: {3,[5,0,3]} pushed to HBQ.
aftereqVTJ false.
aftereqVTJ false.
Queues>>> Queues checked with VT {2,[4,0,2]}.
HBQ>>> Current Size 2.
DLQ>>> Current Size 0.
Queues checked.
Message: "beigeK2" with Timestamp: {1,[5,0,2]} received.
Message: "beigeK2" with Timestamp: {1,[5,0,2]} pushed to HBQ.
VT is equal VTR with Distance -1.
Queues>>> removed {"beigeK2",{1,[5,0,2]}} from HBQ and added to DLQ (aftereqVTJ, -1).
aftereqVTJ false.
aftereqVTJ false.
Queues>>> Queues checked with VT {2,[4,0,2]}.
HBQ>>> Current Size 2.
DLQ>>> Current Size 1.
Queues checked.
Message: {"beigeK2",{1,[5,0,2]}} popped from DLQ.
Message: "beigeK2" with Timestamp: {1,[5,0,2]} read.
Comm VT {2,[4,0,2]} synchronized with {1,[5,0,2]} is now {2,[5,0,2]}.
VT is equal VTR with Distance -1.
Queues>>> removed {"gruenK2",{3,[5,0,3]}} from HBQ and added to DLQ (aftereqVTJ, -1).
aftereqVTJ false.
Queues>>> Queues checked with VT {2,[5,0,2]}.
HBQ>>> Current Size 1.
DLQ>>> Current Size 1.
Queues checked.
Message: {"gruenK2",{3,[5,0,3]}} popped from DLQ.
Message: "gruenK2" with Timestamp: {3,[5,0,3]} read.
Comm VT {2,[5,0,2]} synchronized with {3,[5,0,3]} is now {2,[5,0,3]}.
VT is equal VTR with Distance -1.
Queues>>> removed {"lilaK2",{1,[6,0,3]}} from HBQ and added to DLQ (aftereqVTJ, -1).
Queues>>> Queues checked with VT {2,[5,0,3]} (HBQ empty).
DLQ>>> Current Size 1.
Queues checked.
Message: {"lilaK2",{1,[6,0,3]}} popped from DLQ.
Message: "lilaK2" with Timestamp: {1,[6,0,3]} read.
Comm VT {2,[5,0,3]} synchronized with {1,[6,0,3]} is now {2,[6,0,3]}.
Queues>>> Queues checked with VT {2,[6,0,3]} (HBQ empty).
DLQ>>> Current Size 0.
Queues checked.
Message: null popped from DLQ.
Message: 'null' read.
Message: null popped from DLQ.
Waiting on Message
Message: "krimsKrams" with Timestamp: {3,[6,0,4]} received.
Message: "krimsKrams" with Timestamp: {3,[6,0,4]} pushed to HBQ.
VT is equal VTR with Distance -1.
Queues>>> removed {"krimsKrams",{3,[6,0,4]}} from HBQ and added to DLQ (aftereqVTJ, -1).
Queues>>> Queues checked with VT {2,[6,0,3]} (HBQ empty).
DLQ>>> Current Size 1.
Queues checked.
Message: {"krimsKrams",{3,[6,0,4]}} popped from DLQ.
Message: "krimsKrams" with Timestamp: {3,[6,0,4]} read.
Comm VT {2,[6,0,3]} synchronized with {3,[6,0,4]} is now {2,[6,0,4]}.
Queues>>> Queues checked with VT {2,[6,0,4]} (HBQ empty).
DLQ>>> Current Size 0.
Queues checked.
